Arguments: 
  /home/zerosum24/Documents/Computer_Science/Fourth_Year/Sem_Two/IoTSSC/cw/Codebase/Dashboard/dashboard_env/bin/node /home/zerosum24/Documents/Computer_Science/Fourth_Year/Sem_Two/IoTSSC/cw/Codebase/Dashboard/dashboard_env/bin/yarn start

PATH: 
  /home/zerosum24/Documents/Computer_Science/Fourth_Year/Sem_Two/IoTSSC/cw/Codebase/Dashboard/dashboard_env/lib/node_modules/.bin:/home/zerosum24/Documents/Computer_Science/Fourth_Year/Sem_Two/IoTSSC/cw/Codebase/Dashboard/dashboard_env/bin:/home/zerosum24/Documents/Computer_Science/Fourth_Year/Sem_Two/IoTSSC/cw/Codebase/dashboard_env/bin:/opt/miniconda3/bin:/home/zerosum24/bin:/home/zerosum24/.local/bin:/usr/local/sbin:/usr/local/bin:/usr/sbin:/usr/bin:/sbin:/bin:/usr/games:/usr/local/games:/snap/bin:/usr/lib/jvm/java-8-oracle/bin:/usr/lib/jvm/java-8-oracle/db/bin:/usr/lib/jvm/java-8-oracle/jre/bin:/opt/eclipse/java-oxygen/eclipse

Yarn version: 
  1.13.0

Node version: 
  11.0.0

Platform: 
  linux x64

Trace: 
  SyntaxError: /home/zerosum24/Documents/Computer_Science/Fourth_Year/Sem_Two/IoTSSC/cw/Codebase/Dashboard/package.json: Unexpected token } in JSON at position 174
      at JSON.parse (<anonymous>)
      at /home/zerosum24/Documents/Computer_Science/Fourth_Year/Sem_Two/IoTSSC/cw/Codebase/Dashboard/dashboard_env/lib/node_modules/yarn/lib/cli.js:1625:59
      at Generator.next (<anonymous>)
      at step (/home/zerosum24/Documents/Computer_Science/Fourth_Year/Sem_Two/IoTSSC/cw/Codebase/Dashboard/dashboard_env/lib/node_modules/yarn/lib/cli.js:304:30)
      at /home/zerosum24/Documents/Computer_Science/Fourth_Year/Sem_Two/IoTSSC/cw/Codebase/Dashboard/dashboard_env/lib/node_modules/yarn/lib/cli.js:315:13

npm manifest: 
  {
    "name": "material-dashboard-react",
    "version": "0.1.0",
    "private": true,
    "dependencies": {
      "@material-ui/core": "^3.9.2",
      "@material-ui/icons": "^3.0.2",
    },
    "scripts": {
      "start": "react-scripts start",
      "build": "react-scripts build",
      "test": "react-scripts test",
      "eject": "react-scripts eject"
    },
    "eslintConfig": {
      "extends": "react-app"
    },
    "browserslist": [
      ">0.2%",
      "not dead",
      "not ie <= 11",
      "not op_mini all"
    ]
  }

yarn manifest: 
  No manifest

Lockfile: 
  No lockfile
